Using pre-set license
Built from '2020.3/staging' branch; Version is '2020.3.25f1 (9b9180224418) revision 10195328'; Using compiler version '192528614'; Build Type 'Release'
OS: 'Windows 10  (10.0.19041) 64bit CoreSingleLanguage' Language: 'en' Physical Memory: 49075 MB
BatchMode: 1, IsHumanControllingUs: 0, StartBugReporterOnCrash: 0, Is64bit: 1, IsPro: 0

COMMAND LINE ARGUMENTS:
C:\Program Files\Unity\Hub\Editor\2020.3.25f1\Editor\Unity.exe
-adb2
-batchMode
-noUpm
-name
AssetImportWorker0
-projectPath
D:/Projects/Unity/Personal/FightingGame/FightingGame
-logFile
Logs/AssetImportWorker0.log
-srvPort
49504
Successfully changed project path to: D:/Projects/Unity/Personal/FightingGame/FightingGame
D:/Projects/Unity/Personal/FightingGame/FightingGame
Using Asset Import Pipeline V2.
Refreshing native plugins compatible for Editor in 31.71 ms, found 2 plugins.
Preloading 0 native plugins for Editor in 0.00 ms.
Initialize engine version: 2020.3.25f1 (9b9180224418)
[Subsystems] Discovering subsystems at path C:/Program Files/Unity/Hub/Editor/2020.3.25f1/Editor/Data/Resources/UnitySubsystems
[Subsystems] Discovering subsystems at path D:/Projects/Unity/Personal/FightingGame/FightingGame/Assets
GfxDevice: creating device client; threaded=0
Direct3D:
    Version:  Direct3D 11.0 [level 11.1]
    Renderer: NVIDIA GeForce GTX 1080 Ti (ID=0x1b06)
    Vendor:   
    VRAM:     11127 MB
    Driver:   27.21.14.5671
Initialize mono
Mono path[0] = 'C:/Program Files/Unity/Hub/Editor/2020.3.25f1/Editor/Data/Managed'
Mono path[1] = 'C:/Program Files/Unity/Hub/Editor/2020.3.25f1/Editor/Data/MonoBleedingEdge/lib/mono/unityjit'
Mono config path = 'C:/Program Files/Unity/Hub/Editor/2020.3.25f1/Editor/Data/MonoBleedingEdge/etc'
Using monoOptions --debugger-agent=transport=dt_socket,embedding=1,server=y,suspend=n,address=127.0.0.1:56596
Begin MonoManager ReloadAssembly
Registering precompiled unity dll's ...
Register platform support module: C:/Program Files/Unity/Hub/Editor/2020.3.25f1/Editor/Data/PlaybackEngines/WindowsStandaloneSupport/UnityEditor.WindowsStandalone.Extensions.dll
Registered in 0.002085 seconds.
Native extension for WindowsStandalone target not found
Refreshing native plugins compatible for Editor in 25.27 ms, found 2 plugins.
Preloading 0 native plugins for Editor in 0.00 ms.
Mono: successfully reloaded assembly
- Completed reload, in  0.473 seconds
Domain Reload Profiling:
	ReloadAssembly (473ms)
		BeginReloadAssembly (46ms)
			ExecutionOrderSort (0ms)
			DisableScriptedObjects (0ms)
			BackupInstance (0ms)
			ReleaseScriptingObjects (0ms)
			CreateAndSetChildDomain (1ms)
		EndReloadAssembly (364ms)
			LoadAssemblies (43ms)
			RebuildTransferFunctionScriptingTraits (0ms)
			SetupTypeCache (128ms)
			ReleaseScriptCaches (0ms)
			RebuildScriptCaches (24ms)
			SetupLoadedEditorAssemblies (127ms)
				LogAssemblyErrors (0ms)
				InitializePlatformSupportModulesInManaged (3ms)
				SetLoadedEditorAssemblies (0ms)
				RefreshPlugins (25ms)
				BeforeProcessingInitializeOnLoad (14ms)
				ProcessInitializeOnLoadAttributes (63ms)
				ProcessInitializeOnLoadMethodAttributes (21ms)
				AfterProcessingInitializeOnLoad (0ms)
				EditorAssembliesLoaded (0ms)
			ExecutionOrderSort2 (0ms)
			AwakeInstancesAfterBackupRestoration (0ms)
Platform modules already initialized, skipping
Registering precompiled user dll's ...
Registered in 0.007319 seconds.
Begin MonoManager ReloadAssembly
Native extension for WindowsStandalone target not found
Refreshing native plugins compatible for Editor in 0.38 ms, found 2 plugins.
Preloading 0 native plugins for Editor in 0.00 ms.
Mono: successfully reloaded assembly
- Completed reload, in  0.918 seconds
Domain Reload Profiling:
	ReloadAssembly (918ms)
		BeginReloadAssembly (119ms)
			ExecutionOrderSort (0ms)
			DisableScriptedObjects (4ms)
			BackupInstance (0ms)
			ReleaseScriptingObjects (0ms)
			CreateAndSetChildDomain (16ms)
		EndReloadAssembly (742ms)
			LoadAssemblies (81ms)
			RebuildTransferFunctionScriptingTraits (0ms)
			SetupTypeCache (314ms)
			ReleaseScriptCaches (0ms)
			RebuildScriptCaches (32ms)
			SetupLoadedEditorAssemblies (239ms)
				LogAssemblyErrors (0ms)
				InitializePlatformSupportModulesInManaged (4ms)
				SetLoadedEditorAssemblies (0ms)
				RefreshPlugins (0ms)
				BeforeProcessingInitializeOnLoad (63ms)
				ProcessInitializeOnLoadAttributes (158ms)
				ProcessInitializeOnLoadMethodAttributes (8ms)
				AfterProcessingInitializeOnLoad (6ms)
				EditorAssembliesLoaded (0ms)
			ExecutionOrderSort2 (0ms)
			AwakeInstancesAfterBackupRestoration (5ms)
Platform modules already initialized, skipping
========================================================================
Worker process is ready to serve import requests
Launched and connected shader compiler UnityShaderCompiler.exe after 0.10 seconds
Refreshing native plugins compatible for Editor in 0.45 ms, found 2 plugins.
Preloading 0 native plugins for Editor in 0.00 ms.
Unloading 1526 Unused Serialized files (Serialized files now loaded: 0)
System memory in use before: 68.4 MB.
System memory in use after: 68.5 MB.

Unloading 40 unused Assets to reduce memory usage. Loaded Objects now: 1937.
Total: 2.452700 ms (FindLiveObjects: 0.142300 ms CreateObjectMapping: 0.036500 ms MarkObjects: 2.218000 ms  DeleteObjects: 0.055100 ms)

AssetImportParameters requested are different than current active one (requested -> active):
  custom:framework-win-MediaFoundation: 216162199b28c13a410421893ffa2e32 -> 
  custom:video-decoder-ogg-theora: a1e56fd34408186e4bbccfd4996cb3dc -> 
  custom:container-muxer-webm: aa71ff27fc2769a1b78a27578f13a17b -> 
  custom:container-demuxer-webm: 4f35f7cbe854078d1ac9338744f61a02 -> 
  custom:container-demuxer-ogg: 62fdf1f143b41e24485cea50d1cbac27 -> 
  custom:video-encoder-webm-vp8: eb34c28f22e8b96e1ab97ce403110664 -> 
  custom:video-decoder-webm-vp8: 9c59270c3fd7afecdb556c50c9e8de78 -> 
  custom:audio-decoder-ogg-vorbis: bf7c407c2cedff20999df2af8eb42d56 -> 
  custom:audio-encoder-webm-vorbis: bf7c407c2cedff20999df2af8eb42d56 -> 
========================================================================
Received Import Request.
  path: Assets/Plugins/System.Diagnostics.DiagnosticSource.dll
  artifactKey: Guid(70a8d64910b6ae046968b66ec481db48) Importer(815301076,1909f56bfc062723c751e8b465ee728b)
Start importing Assets/Plugins/System.Diagnostics.DiagnosticSource.dll using Guid(70a8d64910b6ae046968b66ec481db48) Importer(815301076,1909f56bfc062723c751e8b465ee728b)  -> (artifact id: 'ccb84a4cb2037b831df3ff929b10a696') in 0.027983 seconds 
  Import took 0.029899 seconds .

========================================================================
Received Import Request.
  Time since last request: 0.000339 seconds.
  path: Assets/Plugins/System.Buffers.dll
  artifactKey: Guid(7d9649b1f59757142a55893e9041a2de) Importer(815301076,1909f56bfc062723c751e8b465ee728b)
Start importing Assets/Plugins/System.Buffers.dll using Guid(7d9649b1f59757142a55893e9041a2de) Importer(815301076,1909f56bfc062723c751e8b465ee728b)  -> (artifact id: 'c7b2363990f7eac6db48d65bb813f54b') in 0.006408 seconds 
  Import took 0.009114 seconds .

========================================================================
Received Import Request.
  Time since last request: 0.000208 seconds.
  path: Assets/Plugins/Microsoft.IdentityModel.Protocols.OpenIdConnect.dll
  artifactKey: Guid(18148d2f238974a4f9259dc9c8859a56) Importer(815301076,1909f56bfc062723c751e8b465ee728b)
Start importing Assets/Plugins/Microsoft.IdentityModel.Protocols.OpenIdConnect.dll using Guid(18148d2f238974a4f9259dc9c8859a56) Importer(815301076,1909f56bfc062723c751e8b465ee728b)  -> (artifact id: '9f33822a31b80b0224c2c066354a9761') in 0.006283 seconds 
  Import took 0.009205 seconds .

========================================================================
Received Import Request.
  Time since last request: 0.000318 seconds.
  path: Assets/Plugins/Microsoft.IdentityModel.Protocols.dll
  artifactKey: Guid(54199ea782aaa2e49868d9c8401d1165) Importer(815301076,1909f56bfc062723c751e8b465ee728b)
Start importing Assets/Plugins/Microsoft.IdentityModel.Protocols.dll using Guid(54199ea782aaa2e49868d9c8401d1165) Importer(815301076,1909f56bfc062723c751e8b465ee728b)  -> (artifact id: 'ceaa27ff8bbdb2ebb12f9dbe8ac068ba') in 0.027845 seconds 
  Import took 0.030201 seconds .

========================================================================
Received Import Request.
  Time since last request: 0.000259 seconds.
  path: Assets/Plugins/Microsoft.IdentityModel.Tokens.dll
  artifactKey: Guid(580e6a56c9fab194c8fd1717355843f0) Importer(815301076,1909f56bfc062723c751e8b465ee728b)
Start importing Assets/Plugins/Microsoft.IdentityModel.Tokens.dll using Guid(580e6a56c9fab194c8fd1717355843f0) Importer(815301076,1909f56bfc062723c751e8b465ee728b)  -> (artifact id: 'bd1a04288c430efaf06b299c1abd174a') in 0.005930 seconds 
  Import took 0.008160 seconds .

========================================================================
Received Import Request.
  Time since last request: 0.000308 seconds.
  path: Assets/Plugins/Azure.Core.dll
  artifactKey: Guid(f5a7a073c19388849aec0d30c0445762) Importer(815301076,1909f56bfc062723c751e8b465ee728b)
Start importing Assets/Plugins/Azure.Core.dll using Guid(f5a7a073c19388849aec0d30c0445762) Importer(815301076,1909f56bfc062723c751e8b465ee728b)  -> (artifact id: '60ee4862fef3d1107aed33336e6c81f2') in 0.005344 seconds 
  Import took 0.007715 seconds .

========================================================================
Received Import Request.
  Time since last request: 5.425849 seconds.
  path: Assets/Plugins/Microsoft.Data.SqlClient.SNI.targets
  artifactKey: Guid(2585a9cb3bec0f24093f30d9cfca4619) Importer(815301076,1909f56bfc062723c751e8b465ee728b)
Start importing Assets/Plugins/Microsoft.Data.SqlClient.SNI.targets using Guid(2585a9cb3bec0f24093f30d9cfca4619) Importer(815301076,1909f56bfc062723c751e8b465ee728b)  -> (artifact id: '8aeb0d411684574ec0e7f1bcb6c5d043') in 0.015822 seconds 
  Import took 0.018759 seconds .

AssetImportWorkerClient::OnTransportError - code=2 error=End of file
